<?xml version="1.0" encoding="UTF-8"?>
<!-- Generated by org.testng.reporters.JUnitXMLReporter -->
<testsuite ignored="1" hostname="DESKTOP-0I6U5C8" failures="0" tests="2" name="Test" time="31.929" errors="0" timestamp="2024-11-05T22:58:31 IST">
  <testcase classname="testCases.LoginTest" name="verify_Login" time="17.433"/>
  <testcase classname="testCases.Add_CustomerTest" name="addCustomersTest" time="0.0">
    <skipped/>
  </testcase> <!-- addCustomersTest -->
  <testcase classname="testBase.BaseClass" name="@BeforeTest setup" time="0.0">
    <ignored/>
  </testcase> <!-- @BeforeTest setup -->
</testsuite> <!-- Test -->
