<?xml version="1.0" encoding="UTF-8"?>
<testng-results ignored="0" total="1" passed="1" failed="0" skipped="0">
  <reporter-output>
  </reporter-output>
  <suite started-at="2024-10-18T00:03:01 IST" name="Suite" finished-at="2024-10-18T00:03:14 IST" duration-ms="13397">
    <groups>
    </groups>
    <test started-at="2024-10-18T00:03:01 IST" name="Test" finished-at="2024-10-18T00:03:14 IST" duration-ms="13397">
      <class name="testCases.LoginTest">
        <test-method is-config="true" signature="setup(java.lang.String,java.lang.String)[pri:0, instance:testCases.LoginTest@618b19ad]" started-at="2024-10-18T00:03:01 IST" name="setup" finished-at="2024-10-18T00:03:07 IST" duration-ms="6229" status="PASS">
          <params>
            <param index="0">
              <value>
                <![CDATA[Windows]]>
              </value>
            </param>
            <param index="1">
              <value>
                <![CDATA[chrome]]>
              </value>
            </param>
          </params>
          <reporter-output>
          </reporter-output>
        </test-method> <!-- setup -->
        <test-method signature="verify_Login()[pri:1, instance:testCases.LoginTest@618b19ad]" started-at="2024-10-18T00:03:07 IST" name="verify_Login" finished-at="2024-10-18T00:03:14 IST" duration-ms="6847" status="PASS">
          <reporter-output>
          </reporter-output>
        </test-method> <!-- verify_Login -->
        <test-method is-config="true" signature="tearDown()[pri:0, instance:testCases.LoginTest@618b19ad]" started-at="2024-10-18T00:03:14 IST" name="tearDown" finished-at="2024-10-18T00:03:14 IST" duration-ms="262" status="PASS">
          <reporter-output>
          </reporter-output>
        </test-method> <!-- tearDown -->
      </class> <!-- testCases.LoginTest -->
    </test> <!-- Test -->
  </suite> <!-- Suite -->
</testng-results>
